<?xml version="1.0" encoding="UTF-8" ?>
<testsuite tests="51" failures="0" name="com.topcoder.commons.utils.TestValidationUtility" time="0.013" errors="0" skipped="0">
  <properties>
[...]
</properties>
  <testcase classname="com.topcoder.commons.utils.TestValidationUtility" name="checkNotNullNorEmptyAfterTrimming" time="0"/>
  <testcase classname="com.topcoder.commons.utils.TestValidationUtility" name="checkNotNullElements" time="0.01"/>
  <testcase classname="com.topcoder.commons.utils.TestValidationUtility" name="checkNotEmptyAfterTrimming" time="0"/>
  <testcase classname="com.topcoder.commons.utils.TestValidationUtility" name="checkNotEmptyCollection" time="0"/>
  <testcase classname="com.topcoder.commons.utils.TestValidationUtility" name="checkNotEmpty2" time="0"/>
  <testcase classname="com.topcoder.commons.utils.TestValidationUtility" name="checkNotPositiveLong" time="0"/>
  <testcase classname="com.topcoder.commons.utils.TestValidationUtility" name="checkNotNegativeLong" time="0"/>
  <testcase classname="com.topcoder.commons.utils.TestValidationUtility" name="checkInstance" time="0"/>
  <testcase classname="com.topcoder.commons.utils.TestValidationUtility" name="checkPositive" time="0"/>
  <testcase classname="com.topcoder.commons.utils.TestValidationUtility" name="checkIsDirectory" time="0"/>
  <testcase classname="com.topcoder.commons.utils.TestValidationUtility" name="checkNegative" time="0"/>
  <testcase classname="com.topcoder.commons.utils.TestValidationUtility" name="checkGreaterThanLong" time="0"/>
  <testcase classname="com.topcoder.commons.utils.TestValidationUtility" name="checkNotEmptyAfterTrimming2" time="0"/>
  <testcase classname="com.topcoder.commons.utils.TestValidationUtility" name="checkNullOrInstance2" time="0"/>
  <testcase classname="com.topcoder.commons.utils.TestValidationUtility" name="checkNullOrInstance3" time="0"/>
  <testcase classname="com.topcoder.commons.utils.TestValidationUtility" name="checkNotNullNorEmptyAfterTrimming2" time="0"/>
  <testcase classname="com.topcoder.commons.utils.TestValidationUtility" name="checkGreaterThan" time="0"/>
  <testcase classname="com.topcoder.commons.utils.TestValidationUtility" name="checkNotNullNorEmpty" time="0"/>
  <testcase classname="com.topcoder.commons.utils.TestValidationUtility" name="checkNotEmpty" time="0"/>
  <testcase classname="com.topcoder.commons.utils.TestValidationUtility" name="checkNotNull2" time="0"/>
  <testcase classname="com.topcoder.commons.utils.TestValidationUtility" name="checkLessThanLong" time="0"/>
  <testcase classname="com.topcoder.commons.utils.TestValidationUtility" name="checkNotZeroLong" time="0"/>
  <testcase classname="com.topcoder.commons.utils.TestValidationUtility" name="checkNotPositive" time="0"/>
  <testcase classname="com.topcoder.commons.utils.TestValidationUtility" name="checkNotNegative" time="0"/>
  <testcase classname="com.topcoder.commons.utils.TestValidationUtility" name="checkNotNullNorEmptyMap" time="0"/>
  <testcase classname="com.topcoder.commons.utils.TestValidationUtility" name="checkInRangeLong" time="0"/>
  <testcase classname="com.topcoder.commons.utils.TestValidationUtility" name="checkLessThan" time="0"/>
  <testcase classname="com.topcoder.commons.utils.TestValidationUtility" name="checkNotEmptyKeys" time="0"/>
  <testcase classname="com.topcoder.commons.utils.TestValidationUtility" name="checkNotEmptyMap2" time="0"/>
  <testcase classname="com.topcoder.commons.utils.TestValidationUtility" name="checkNotEmptyMap" time="0"/>
  <testcase classname="com.topcoder.commons.utils.TestValidationUtility" name="checkExists" time="0"/>
  <testcase classname="com.topcoder.commons.utils.TestValidationUtility" name="checkIsFile" time="0"/>
  <testcase classname="com.topcoder.commons.utils.TestValidationUtility" name="checkNotNullNorEmptyCollection2" time="0"/>
  <testcase classname="com.topcoder.commons.utils.TestValidationUtility" name="checkNotNullNorEmpty2" time="0"/>
  <testcase classname="com.topcoder.commons.utils.TestValidationUtility" name="checkNotNullNorEmpty3" time="0"/>
  <testcase classname="com.topcoder.commons.utils.TestValidationUtility" name="checkNotEmptyCollection2" time="0"/>
  <testcase classname="com.topcoder.commons.utils.TestValidationUtility" name="checkNotNullNorEmptyMap2" time="0.003"/>
  <testcase classname="com.topcoder.commons.utils.TestValidationUtility" name="checkNotNullValues" time="0"/>
  <testcase classname="com.topcoder.commons.utils.TestValidationUtility" name="checkNotNullKeys" time="0"/>
  <testcase classname="com.topcoder.commons.utils.TestValidationUtility" name="checkNotNullElements2" time="0"/>
  <testcase classname="com.topcoder.commons.utils.TestValidationUtility" name="checkNotNullNorEmptyCollection" time="0"/>
  <testcase classname="com.topcoder.commons.utils.TestValidationUtility" name="checkNotEmptyElements" time="0"/>
  <testcase classname="com.topcoder.commons.utils.TestValidationUtility" name="checkNotEmptyValues" time="0"/>
  <testcase classname="com.topcoder.commons.utils.TestValidationUtility" name="checkPositiveLong" time="0"/>
  <testcase classname="com.topcoder.commons.utils.TestValidationUtility" name="checkInRange" time="0"/>
  <testcase classname="com.topcoder.commons.utils.TestValidationUtility" name="checkInstance2" time="0"/>
  <testcase classname="com.topcoder.commons.utils.TestValidationUtility" name="checkNullOrInstance" time="0"/>
  <testcase classname="com.topcoder.commons.utils.TestValidationUtility" name="checkNegativeLong" time="0"/>
  <testcase classname="com.topcoder.commons.utils.TestValidationUtility" name="checkNotEmptyElements2" time="0"/>
  <testcase classname="com.topcoder.commons.utils.TestValidationUtility" name="checkNotNull" time="0"/>
  <testcase classname="com.topcoder.commons.utils.TestValidationUtility" name="checkNotZero" time="0"/>
</testsuite>